2025-06-05 19:31:10,532 - INFO - 脚本启动。
2025-06-05 19:31:12,487 - INFO - 检查登录状态...
2025-06-05 19:31:14,503 - INFO - 等待登录页面加载...
2025-06-05 19:31:20,293 - INFO - 检测到关键元素: #inputEmail，页面加载完成
2025-06-05 19:31:37,317 - INFO - 需要登录，开始登录流程...
2025-06-05 19:31:37,317 - INFO - 等待邮箱输入框出现...
2025-06-05 19:31:37,333 - INFO - 找到邮箱输入框: #inputEmail
2025-06-05 19:31:39,070 - INFO - 成功输入邮箱
2025-06-05 19:31:40,072 - INFO - 等待密码输入框出现...
2025-06-05 19:31:40,087 - INFO - 找到密码输入框: #inputPassword
2025-06-05 19:31:41,830 - INFO - 成功输入密码
2025-06-05 19:31:43,831 - INFO - 查找登录按钮...
2025-06-05 19:31:43,846 - INFO - 找到登录按钮: #login
2025-06-05 19:31:45,075 - INFO - 成功点击登录按钮
2025-06-05 19:31:45,075 - INFO - 等待登录处理...
2025-06-05 19:31:50,111 - INFO - 登录成功
2025-06-05 19:31:50,111 - INFO - 开始监控库存...
2025-06-05 19:31:58,206 - INFO - 检测到缺货标识: text:Out of Stock
2025-06-05 19:31:58,207 - INFO - 库存检查结果: 缺货
2025-06-05 19:32:00,663 - INFO - 检测到缺货标识: text:Out of Stock
2025-06-05 19:32:00,664 - INFO - 库存检查结果: 缺货
2025-06-05 19:32:08,338 - INFO - 检测到缺货标识: text:Out of Stock
2025-06-05 19:32:08,339 - INFO - 库存检查结果: 缺货
2025-06-05 19:32:16,290 - INFO - 检测到缺货标识: text:Out of Stock
2025-06-05 19:32:16,291 - INFO - 库存检查结果: 缺货
2025-06-05 19:32:25,602 - INFO - 检测到缺货标识: text:Out of Stock
2025-06-05 19:32:25,603 - INFO - 库存检查结果: 缺货
2025-06-05 19:32:28,972 - INFO - 检测到缺货标识: text:Out of Stock
2025-06-05 19:32:28,973 - INFO - 库存检查结果: 缺货
2025-06-05 19:32:32,518 - INFO - 检测到缺货标识: text:Out of Stock
2025-06-05 19:32:32,519 - INFO - 库存检查结果: 缺货
2025-06-05 19:32:41,225 - INFO - 检测到缺货标识: text:Out of Stock
2025-06-05 19:32:41,226 - INFO - 库存检查结果: 缺货
2025-06-05 19:32:49,052 - INFO - 检测到缺货标识: text:Out of Stock
2025-06-05 19:32:49,053 - INFO - 库存检查结果: 缺货
2025-06-05 19:32:57,648 - INFO - 检测到缺货标识: text:Out of Stock
2025-06-05 19:32:57,649 - INFO - 库存检查结果: 缺货
2025-06-05 19:33:00,817 - INFO - 检测到缺货标识: text:Out of Stock
2025-06-05 19:33:00,818 - INFO - 库存检查结果: 缺货
2025-06-05 19:33:04,363 - INFO - 检测到缺货标识: text:Out of Stock
2025-06-05 19:33:04,364 - INFO - 库存检查结果: 缺货
2025-06-05 19:33:12,510 - WARNING - 未找到购买按钮，可能缺货
2025-06-05 19:33:12,511 - INFO - 库存检查结果: 缺货
2025-06-05 19:33:21,035 - INFO - 检测到缺货标识: text:Out of Stock
2025-06-05 19:33:21,036 - INFO - 库存检查结果: 缺货
2025-06-05 19:33:29,611 - INFO - 检测到缺货标识: text:Out of Stock
2025-06-05 19:33:29,612 - INFO - 库存检查结果: 缺货
2025-06-05 19:33:38,193 - INFO - 检测到缺货标识: text:Out of Stock
2025-06-05 19:33:38,194 - INFO - 库存检查结果: 缺货
2025-06-05 19:33:48,486 - WARNING - 未找到购买按钮，可能缺货
2025-06-05 19:33:48,487 - INFO - 库存检查结果: 缺货
2025-06-05 19:33:56,917 - INFO - 检测到缺货标识: text:Out of Stock
2025-06-05 19:33:56,918 - INFO - 库存检查结果: 缺货
2025-06-05 19:34:05,711 - WARNING - 未找到购买按钮，可能缺货
2025-06-05 19:34:05,711 - INFO - 库存检查结果: 缺货
2025-06-05 19:34:14,112 - INFO - 检测到缺货标识: text:Out of Stock
2025-06-05 19:34:14,112 - INFO - 库存检查结果: 缺货
2025-06-05 19:34:24,091 - WARNING - 未找到购买按钮，可能缺货
2025-06-05 19:34:24,092 - INFO - 库存检查结果: 缺货
2025-06-05 19:34:32,315 - INFO - 检测到缺货标识: text:Out of Stock
2025-06-05 19:34:32,315 - INFO - 库存检查结果: 缺货
2025-06-05 19:34:41,463 - INFO - 检测到缺货标识: text:Out of Stock
2025-06-05 19:34:41,464 - INFO - 库存检查结果: 缺货
2025-06-05 19:34:49,746 - INFO - 检测到缺货标识: text:Out of Stock
2025-06-05 19:34:49,746 - INFO - 库存检查结果: 缺货
2025-06-05 19:34:58,393 - INFO - 检测到缺货标识: text:Out of Stock
2025-06-05 19:34:58,394 - INFO - 库存检查结果: 缺货
2025-06-05 19:35:06,751 - INFO - 检测到缺货标识: text:Out of Stock
2025-06-05 19:35:06,752 - INFO - 库存检查结果: 缺货
2025-06-05 19:35:16,003 - INFO - 检测到缺货标识: text:Out of Stock
2025-06-05 19:35:16,004 - INFO - 库存检查结果: 缺货
2025-06-05 19:35:25,983 - INFO - 检测到缺货标识: text:Out of Stock
2025-06-05 19:35:25,984 - INFO - 库存检查结果: 缺货
2025-06-05 19:35:34,763 - INFO - 检测到缺货标识: text:Out of Stock
2025-06-05 19:35:34,765 - INFO - 库存检查结果: 缺货
2025-06-05 19:35:38,942 - INFO - 检测到缺货标识: text:Out of Stock
2025-06-05 19:35:38,943 - INFO - 库存检查结果: 缺货
2025-06-05 19:35:49,733 - WARNING - 未找到购买按钮，可能缺货
2025-06-05 19:35:49,837 - INFO - 库存检查结果: 缺货
2025-06-05 19:36:01,842 - INFO - 检测到缺货标识: text:Out of Stock
2025-06-05 19:36:01,843 - INFO - 库存检查结果: 缺货
2025-06-05 19:36:15,141 - WARNING - 未找到购买按钮，可能缺货
2025-06-05 19:36:15,142 - INFO - 库存检查结果: 缺货
2025-06-05 19:36:23,468 - WARNING - 未找到购买按钮，可能缺货
2025-06-05 19:36:23,468 - INFO - 库存检查结果: 缺货
2025-06-05 19:36:33,446 - INFO - 检测到缺货标识: text:Out of Stock
2025-06-05 19:36:33,446 - INFO - 库存检查结果: 缺货
2025-06-05 19:36:41,951 - INFO - 检测到缺货标识: text:Out of Stock
2025-06-05 19:36:41,952 - INFO - 库存检查结果: 缺货
2025-06-05 19:36:49,987 - INFO - 检测到缺货标识: text:Out of Stock
2025-06-05 19:36:49,988 - INFO - 库存检查结果: 缺货
2025-06-05 19:36:57,867 - INFO - 检测到缺货标识: text:Out of Stock
2025-06-05 19:36:57,868 - INFO - 库存检查结果: 缺货
2025-06-05 19:37:01,811 - INFO - 检测到缺货标识: text:Out of Stock
2025-06-05 19:37:01,812 - INFO - 库存检查结果: 缺货
2025-06-05 19:37:09,839 - INFO - 检测到缺货标识: text:Out of Stock
2025-06-05 19:37:09,840 - INFO - 库存检查结果: 缺货
2025-06-05 19:37:18,051 - INFO - 检测到缺货标识: text:Out of Stock
2025-06-05 19:37:18,051 - INFO - 库存检查结果: 缺货
2025-06-05 19:37:26,928 - WARNING - 未找到购买按钮，可能缺货
2025-06-05 19:37:26,931 - INFO - 库存检查结果: 缺货
2025-06-05 19:37:34,627 - INFO - 检测到缺货标识: text:Out of Stock
2025-06-05 19:37:34,628 - INFO - 库存检查结果: 缺货
2025-06-05 19:37:45,456 - INFO - 检测到缺货标识: text:Out of Stock
2025-06-05 19:37:45,456 - INFO - 库存检查结果: 缺货
2025-06-05 19:37:54,289 - WARNING - 未找到购买按钮，可能缺货
2025-06-05 19:37:54,390 - INFO - 库存检查结果: 缺货
2025-06-05 19:38:03,301 - INFO - 检测到缺货标识: text:Out of Stock
2025-06-05 19:38:03,302 - INFO - 库存检查结果: 缺货
2025-06-05 19:38:12,943 - WARNING - 未找到购买按钮，可能缺货
2025-06-05 19:38:13,048 - INFO - 库存检查结果: 缺货
2025-06-05 19:38:21,296 - WARNING - 未找到购买按钮，可能缺货
2025-06-05 19:38:21,297 - INFO - 库存检查结果: 缺货
2025-06-05 19:38:29,002 - WARNING - 未找到购买按钮，可能缺货
2025-06-05 19:38:29,003 - INFO - 库存检查结果: 缺货
2025-06-05 19:38:36,836 - INFO - 检测到缺货标识: text:Out of Stock
2025-06-05 19:38:36,837 - INFO - 库存检查结果: 缺货
2025-06-05 19:38:45,331 - WARNING - 未找到购买按钮，可能缺货
2025-06-05 19:38:45,433 - INFO - 库存检查结果: 缺货
2025-06-05 19:38:54,021 - INFO - 检测到缺货标识: text:Out of Stock
2025-06-05 19:38:54,022 - INFO - 库存检查结果: 缺货
2025-06-05 19:39:03,804 - INFO - 检测到缺货标识: text:Out of Stock
2025-06-05 19:39:03,805 - INFO - 库存检查结果: 缺货
2025-06-05 19:39:12,337 - INFO - 检测到缺货标识: text:Out of Stock
2025-06-05 19:39:12,338 - INFO - 库存检查结果: 缺货
2025-06-05 19:39:22,158 - WARNING - 未找到购买按钮，可能缺货
2025-06-05 19:39:22,158 - INFO - 库存检查结果: 缺货
2025-06-05 19:39:30,400 - INFO - 检测到缺货标识: text:Out of Stock
2025-06-05 19:39:30,401 - INFO - 库存检查结果: 缺货
2025-06-05 19:39:33,612 - INFO - 检测到缺货标识: text:Out of Stock
2025-06-05 19:39:33,617 - INFO - 库存检查结果: 缺货
2025-06-05 19:39:42,299 - INFO - 检测到缺货标识: text:Out of Stock
2025-06-05 19:39:42,300 - INFO - 库存检查结果: 缺货
2025-06-05 19:39:50,259 - WARNING - 未找到购买按钮，可能缺货
2025-06-05 19:39:50,259 - INFO - 库存检查结果: 缺货
2025-06-05 19:39:58,240 - INFO - 检测到缺货标识: text:Out of Stock
2025-06-05 19:39:58,241 - INFO - 库存检查结果: 缺货
2025-06-05 19:40:12,904 - INFO - 检测到缺货标识: text:Out of Stock
2025-06-05 19:40:12,905 - INFO - 库存检查结果: 缺货
2025-06-05 19:40:21,946 - INFO - 检测到缺货标识: text:Out of Stock
2025-06-05 19:40:21,947 - INFO - 库存检查结果: 缺货
